0:100  0:100  MemLog inited, TSC freq: 2693880191
0:100  0:000  CPU was calibrated with ACPI PM Timer
0:100  0:000  CloverX64 : Image base = 0xC58B0000
0:100  0:000  
0:100  0:000  Now is 25.12.2020,  01:37:22 (GMT)
0:100  0:000  Starting Clover revision: 5127 (master, commit c9cfc183d) on Phoenix Technologies Ltd. EFI
0:100  0:000  Build id: 20201124161448-c9cfc18-5127-dirty
0:100  0:000  Build with: [Args: -D NO_GRUB_DRIVERS_EMBEDDED -D LESS_DEBUG -t GCC53 | -D NO_GRUB_DRIVERS_EMBEDDED -D LESS_DEBUG --conf=/Users/sergey/src/CloverBootloader/Conf -D USE_LOW_EBDA -a X64 -b RELEASE -t GCC53 -n 5 | OS: 10.14.6]
0:100  0:000  SimpleTextEx Status=Success
0:100  0:000  === [ GetDefaultSettings ] ======================
0:101  0:000  === [ Get Smbios ] ==============================
0:101  0:000  Type 16 Index = 0
0:101  0:000  Total Memory Slots Count = 2
0:101  0:000  Type 17 Index = 0
0:101  0:000  SmbiosTable.Type17->Speed = 1600MHz
0:101  0:000  SmbiosTable.Type17->Size = 4096MB
0:101  0:000  SmbiosTable.Type17->Bank/Device = BANK 2 DIMM1
0:101  0:000  SmbiosTable.Type17->Vendor = Hynix/Hyundai
0:101  0:000  SmbiosTable.Type17->SerialNumber = 1975F944
0:101  0:000  SmbiosTable.Type17->PartNumber = HMT351S6CFR8C-PB  
0:101  0:000  Type 17 Index = 1
0:101  0:000  SmbiosTable.Type17->Speed = 1600MHz
0:101  0:000  SmbiosTable.Type17->Size = 8192MB
0:101  0:000  SmbiosTable.Type17->Bank/Device = BANK 0 DIMM2
0:101  0:000  SmbiosTable.Type17->Vendor = Samsung
0:101  0:000  SmbiosTable.Type17->SerialNumber = 50AAE625
0:101  0:000  SmbiosTable.Type17->PartNumber = M471B1G73DB0-CK0  
0:101  0:000  Boot status=0
0:101  0:000  Running on: 'FMVNS8AE' with board 'FJNB24D'
0:101  0:000  === [ GetCPUProperties ] ========================
0:101  0:000  CPU Vendor = 756E6547 Model=306A9
0:101  0:000   The CPU supported SSE4.1
0:101  0:000  BrandString = Intel(R) Core(TM) i5-3340M CPU @ 2.70GHz
0:101  0:000   The CPU supported turbo
0:101  0:000  MSR 0x35               20004
0:101  0:000  MSR 0xE2 before patch 1E008405
0:101  0:000  MSR 0xE2 is locked, PM patches will be turned on
0:101  0:000  MSR 0xCE              00080C10_E0011B00
0:101  0:000  corrected FLEX_RATIO = 100000
0:101  0:000  MSR 0x1B0             00000000
0:101  0:000  FSBFrequency = 100 MHz, DMI FSBFrequency = 100 MHz, Corrected FSBFrequency = 100 MHz
0:101  0:000  MaxDiv/MinDiv: 27.0/12
0:101  0:000  Turbo: 32/32/32/34
0:101  0:000  Features: 0x77BAE3FFBFEBFBFF
0:101  0:000  Threads: 4
0:101  0:000  Cores: 2
0:101  0:000  FSB: 100 MHz
0:101  0:000  CPU: 2700 MHz
0:101  0:000  TSC: 2700 MHz
0:101  0:000  PIS: 100 MHz
0:101  0:000  ExternalClock: 25 MHz
0:101  0:000  === [ GetDevices ] ==============================
0:101  0:000  GOP found at: 
0:101  0:000  PCI (00|00:14.00) : 8086 1E31 class=0C0330
0:101  0:000  PCI (00|00:1C.00) : 8086 1E10 class=060400
0:101  0:000  PCI (00|00:02.00) : 8086 0166 class=030000
0:101  0:000   - GFX: Model=Intel HD Graphics 4000 (Intel)
0:101  0:000  PCI (00|00:1F.00) : 8086 1E59 class=060100
0:101  0:000  PCI (00|00:1A.00) : 8086 1E2D class=0C0320
0:101  0:000  PCI (00|00:1C.02) : 8086 1E14 class=060400
0:101  0:000  PCI (00|00:1C.04) : 8086 1E18 class=060400
0:101  0:000  PCI (00|00:1D.00) : 8086 1E26 class=0C0320
0:101  0:000  PCI (00|00:00.00) : 8086 0154 class=060000
0:101  0:000  PCI (00|00:16.00) : 8086 1E3A class=078000
0:101  0:000  PCI (00|00:16.01) : FFFF FFFF class=FFFFFF
0:101  0:000  PCI (00|00:19.00) : 8086 1503 class=020000
0:101  0:000   - LAN: 0 Vendor=Intel
0:101  0:000  PCI (00|00:1B.00) : 8086 1E20 class=040300
0:101  0:000  PCI (00|02:00.00) : 14E4 43A0 class=028000
0:101  0:000   - WIFI: Vendor= Broadcom
0:101  0:000  PCI (00|00:1C.07) : 8086 1E1E class=060400
0:101  0:000  PCI (00|0C:00.00) : 10EC 5229 class=FF0000
0:101  0:000  PCI (00|00:1F.02) : 8086 1E03 class=010601
0:101  0:000  PCI (00|00:1F.03) : 8086 1E22 class=0C0500
0:101  0:000  PCI (00|00:1F.06) : FFFF FFFF class=FFFFFF
0:101  0:000  Clover load options size = 0 bytes
0:101  0:000  _checkOEMPath Look for oem dir at path '\EFI\CLOVER\OEM\FMVNS8AE--00-00-00-00-00-00'. Dir doesn't exist.
0:101  0:000  _checkOEMPath Look for oem dir at path '\EFI\CLOVER\OEM\FJNB24D\UEFI'. Dir doesn't exist.
0:101  0:000  _checkOEMPath Look for oem dir at path '\EFI\CLOVER\OEM\FMVNS8AE'. Dir doesn't exist.
0:101  0:000  _checkOEMPath Look for oem dir at path '\EFI\CLOVER\OEM\FMVNS8AE-2700'. Dir doesn't exist.
0:101  0:000  _checkOEMPath Look for oem dir at path '\EFI\CLOVER\OEM\FJNB24D'. Dir doesn't exist.
0:101  0:000  _checkOEMPath Look for oem dir at path '\EFI\CLOVER\OEM\FJNB24D-2700'. Dir doesn't exist.
0:101  0:000  Using config.plist at path: \EFI\CLOVER
0:102  0:000  \EFI\CLOVER\config.plist  loaded: Success
0:102  0:000  === [ GetListOfThemes ] =========================
0:102  0:000  - [00]: Catalina
0:104  0:001  - [01]: mac_default_V
0:106  0:001  - [02]: Simple
0:106  0:000  === [ Found config plists ] =====================
0:106  0:000  - config.plist
0:107  0:000  === [ GetEarlyUserSettings ] ====================
0:107  0:000  timeout set to 3
0:107  0:000  Custom boot CUSTOM_BOOT_USER_DISABLED (0x0)
0:107  0:000  KextsToPatch: 7 requested
0:107  0:000   - [00]: com.apple.driver.usb.AppleUSBXHCIPCI (USB port limit patch) :: MatchOS: 10.11.x :: BinPatch :: data len: 7
0:107  0:000   - [01]: com.apple.driver.usb.AppleUSBXHCIPCI (USB port limit patch) :: MatchOS: 10.12.x :: BinPatch :: data len: 7
0:107  0:000   - [02]: com.apple.driver.usb.AppleUSBXHCI (USB port limit patch by PMHeart) :: MatchOS: 10.13.x :: BinPatch :: data len: 10
0:107  0:000   - [03]: com.apple.driver.usb.AppleUSBXHCI (USB Port limit patch 10.14.x modify by DalianSky(credits PMheart)) :: BinPatch :: data len: 4
0:107  0:000   - [04]: com.apple.driver.usb.AppleUSBXHCI (USB Port limit patch 10.14.x modify by DalianSky(credits PMheart)) :: BinPatch :: data len: 4
0:107  0:000   - [05]: com.apple.iokit.IOUSBHostFamily (USB port limit patch #1 10.15.x modify by DalianSky(credit ydeng)) :: BinPatch :: data len: 4
0:107  0:000   - [06]: com.apple.driver.usb.AppleUSBXHCI (USB Port limit patch #2 10.15.x modify by DalianSky) :: BinPatch :: data len: 4
0:107  0:000  Default theme: Simple
0:107  0:000  === [ LoadDrivers ] =============================
0:107  0:000  Loading apfs.efi  status=Success
0:110  0:002   - driver needs connecting
0:110  0:000  Loading ApfsDriverLoader.efi  status=Success
0:211  0:100   - driver needs connecting
0:211  0:000  Loading DataHubDxe.efi  status=Success
0:216  0:005  Loading FSInject.efi  status=Success
0:217  0:000  Loading HFSPlus.efi  status=Success
0:218  0:000   - driver needs connecting
0:218  0:000  Loading MemoryAllocation.efi  status=Success
0:218  0:000  Loading NvmExpressDxe.efi  status=Success
0:218  0:000   - driver needs connecting
0:218  0:000  Loading PartitionDxe.efi  status=Success
0:219  0:000   - driver needs connecting
0:219  0:000  Loading SMCHelper.efi  status=Success
0:219  0:000  Loading VirtualSmc.efi  status=Success
0:321  0:101  5 drivers needs connecting ...
0:321  0:000  PlatformDriverOverrideProtocol not found. Installing ... Success
0:321  0:000  Partition driver loaded: 
0:321  0:000  HFS+ driver loaded
0:321  0:000  APFS driver loaded
0:321  0:000  Searching for invalid DiskIo BY_DRIVER connects: not found, all ok
0:843  0:522  === [ InitScreen ] ==============================
0:843  0:000  Console modes reported: 6, available modes:
0:843  0:000   - [01]: 80x25
0:843  0:000   - [03]: 128x40
0:843  0:000   - [04]: 80x25
0:843  0:000   - [05]: 100x31
0:843  0:000   - [06]: 170x40 (current mode)
0:843  0:000  SetMaxResolution: found best mode 3: 1366x768
0:843  0:000   - already set
0:844  0:000  Using embedded font
0:845  0:000  === [ GetMacAddress ] ===========================
0:845  0:000   get legacy LAN MAC, 1 card found
0:845  0:000  Legacy MAC address of LAN #0= E0:18:77:0B:CB:BA:
0:845  0:000  === [ ScanSPD ] =================================
0:845  0:000  Scanning SMBus [8086:1E22], mmio: 0xF2F34004, ioport: 0xEFA0, hostc: 0x1
0:864  0:018  Slot: 0 Type 24 8192MB 1600MHz Vendor=Samsung PartNo=M471B1G73DB0-CK0 SerialNo=50AAE625
0:883  0:019  Slot: 2 Type 24 4096MB 1600MHz Vendor=SK Hynix PartNo=HMT351S6CFR8C-PBN0 SerialNo=1975F944
0:884  0:000  === [ GetAcpiTablesList ] =======================
0:884  0:000  Get Acpi Tables List from RSDT:
0:884  0:000   - [00]: FACP  PC       len=116
0:884  0:000   - [01]: SLIC  PC       len=374
0:884  0:000   - [02]: SSDT  SataAhci len=1435
0:884  0:000   - [03]: SSDT  BayAhci2 len=723
0:884  0:000   - [04]: SSDT  AutoDlnk len=224
0:884  0:000   - [05]: ASF!  PC       len=165
0:884  0:000   - [06]: HPET  PC       len=56
0:884  0:000   - [07]: APIC  PC       len=152
0:884  0:000   - [08]: MCFG  PC       len=60
0:884  0:000   - [09]: FPDT  PC       len=100
0:884  0:000   - [10]: SSDT  Cpu0Ist len=2474
0:884  0:000   - [11]: SSDT  CpuPm len=2801
0:884  0:000   - [12]: UEFI  PC       len=62
0:884  0:000   - [13]: UEFI  COMBUF len=66
0:884  0:000   - [14]: POAT  PC       len=85
0:884  0:000   - [15]: UEFI  PC       len=718
0:884  0:000   - [16]: DBG2  PC       len=112
0:884  0:000   - [17]: BGRT  PC       len=56
0:884  0:000  Calibrated TSC Frequency = 2693880191 = 2693MHz
0:884  0:000  === [ GetUserSettings ] =========================
0:884  0:000  Add 1 devices (kTagTypeDict):
0:884  0:000  USB FixOwnership: yes
0:884  0:000   - final DSDT Fix mask=11060054
0:884  0:000  PatchesDSDT: 15 requested
0:884  0:000   - [00]: (EHC1 to EH01) lenToFind: 4, lenToReplace: 4
0:884  0:000   - [01]: (EHC2 to EH02) lenToFind: 4, lenToReplace: 4
0:884  0:000   - [02]: (EUSB to EH01) lenToFind: 4, lenToReplace: 4
0:884  0:000   - [03]: (USBE to EH02) lenToFind: 4, lenToReplace: 4
0:884  0:000   - [04]: (RTC fix) lenToFind: 8, lenToReplace: 8
0:884  0:000   - [05]: (CUU0) lenToFind: 14, lenToReplace: 14
0:884  0:000   - [06]: (CUU1) lenToFind: 14, lenToReplace: 14
0:884  0:000   - [07]: (CUU2) lenToFind: 14, lenToReplace: 14
0:884  0:000   - [08]: (CUU3) lenToFind: 14, lenToReplace: 14
0:884  0:000   - [09]: (EC0 to EC) lenToFind: 4, lenToReplace: 4
0:884  0:000    patch disabled at config
0:884  0:000   - [10]: (H_EC to EC) lenToFind: 4, lenToReplace: 4
0:884  0:000    patch disabled at config
0:884  0:000   - [11]: (ECDV to EC) lenToFind: 4, lenToReplace: 4
0:884  0:000    patch disabled at config
0:884  0:000   - [12]: (PNP0C09 to PNPFFFF) lenToFind: 4, lenToReplace: 4
0:884  0:000   - [13]: (change HDAS to HDEF) lenToFind: 4, lenToReplace: 4
0:884  0:000   - [14]: (change GFX0 to IGPU) lenToFind: 4, lenToReplace: 4
0:884  0:000  smartUPS: present
0:884  0:000  Using ProductName from config: MacBookAir6,2
0:884  0:000  BiosVersion: not set, Using BiosVersion from clover
0:884  0:000  BiosVersion: MBA61.88Z.F000.B00.2004121458
0:884  0:000  BiosReleaseDate: 04/12/2020
0:884  0:000  Using EfiVersion from clover: 121.0.0.0.0
0:884  0:000  Using FirmwareFeatures from clover: 0xE00FE137
0:884  0:000  Using FirmwareFeaturesMask from clover: 0xFF1FFF3F
0:884  0:000  PlatformFeature will not set in SMBIOS
0:884  0:000  Cannot find smbios.plist at path '\EFI\CLOVER' : Not Found
0:885  0:000  === [ Found DSDT tables ] =======================
0:887  0:002  Added Kext=Other\AirportBrcmFixup.kext
0:897  0:009  Added Kext=Other\AppleALC.kext
0:898  0:000  Added Kext=Other\AppleBacklightFixup.kext
0:904  0:005  Added Kext=Other\BrcmBluetoothInjector.kext
0:904  0:000  Added Kext=Other\BrcmFirmwareData.kext
0:912  0:007  Added Kext=Other\BrcmPatchRAM3.kext
0:913  0:000  Added Kext=Other\CPUFriend.kext
0:914  0:000  Added Kext=Other\FakePCIID.kext
0:914  0:000  Added Kext=Other\FakePCIID_XHCIMux.kext
0:915  0:000  Added Kext=Other\IntelMausiEthernet.kext
0:916  0:000  Added Kext=Other\Lilu.kext
0:917  0:001  Added Kext=Other\SMCBatteryManager.kext
0:918  0:001  Added Kext=Other\SMCProcessor.kext
0:919  0:000  Added Kext=Other\USBPorts.kext
0:920  0:001  Added Kext=Other\VirtualSMC.kext
0:922  0:001  Added Kext=Other\VoodooPS2Controller.kext
0:929  0:007  Added Kext=Other\WhateverGreen.kext
0:929  0:000  === [ ScanVolumes ] =============================
0:929  0:000  Found 14 volumes with blockIO
0:929  0:000  - [00]: Volume: PciRoot(0x0)\Pci(0x1F,0x2)\Sata(0x0,0x0,0x0)
0:929  0:000  - [01]: Volume: PciRoot(0x0)\Pci(0x1F,0x2)\Sata(0x2,0x0,0x0)
0:950  0:020          Result of bootcode detection: bootable unknown (legacy)
0:950  0:000  - [02]: Volume: PciRoot(0x0)\Pci(0x1F,0x2)\Sata(0x2,0x0,0x0)\HD(1,GPT,CFB416C8-301F-42A4-85C2-F34699E52119,0x27,0x7679131)
0:950  0:000          Result of bootcode detection: bootable Windows (vista,win)
0:950  0:000  - [03]: Volume: PciRoot(0x0)\Pci(0x1F,0x2)\Sata(0x2,0x0,0x0)\HD(2,GPT,296B112F-4E95-46A2-8845-0B3DE3E4D757,0x767915E,0x7F46EA2)
0:967  0:016          Result of bootcode detection: bootable Windows (win)
0:967  0:000  - [04]: Volume: PciRoot(0x0)\Pci(0x1F,0x2)\Sata(0x2,0x0,0x0)\HD(3,GPT,58A3F57C-28A1-4FE5-ABD9-C2EDB6292D5B,0xF5C0000,0x10173800)
0:983  0:016          Result of bootcode detection: bootable Windows (vista,win)
0:983  0:000  - [05]: Volume: PciRoot(0x0)\Pci(0x1F,0x2)\Sata(0x2,0x0,0x0)\HD(4,GPT,4AB177A8-3D22-42CE-9094-823D20B84597,0x1F733800,0x5C00000)
0:983  0:000          Result of bootcode detection: bootable Windows (win)
0:983  0:000  - [06]: Volume: PciRoot(0x0)\Pci(0x1F,0x2)\Sata(0x2,0x0,0x0)\HD(5,GPT,B20A8A14-22E1-4CBE-AE5C-DD3161154990,0x25333800,0xFB000)
1:001  0:017          Result of bootcode detection: bootable Windows (win)
1:008  0:007            label : EFI
1:008  0:000  - [07]: Volume: PciRoot(0x0)\Pci(0x1F,0x2)\Sata(0x0,0x0,0x0)\HD(1,GPT,84AF06F0-21DC-44DB-B94B-F875A6CF8F46,0x28,0x64000)
1:009  0:000          Result of bootcode detection: bootable unknown (legacy)
1:009  0:000            label : EFI
1:009  0:000          This is SelfVolume !!
1:009  0:000  - [08]: Volume: PciRoot(0x0)\Pci(0x1F,0x2)\Sata(0x0,0x0,0x0)\HD(2,GPT,49BD548F-F230-4CF9-A5DD-E70DEE4D3DD8,0x64028,0x37DDF660)
1:009  0:000          Result of bootcode detection: bootable unknown (legacy)
1:009  0:000  - [09]: Volume: PciRoot(0x0)\Pci(0x1F,0x2)\Sata(0x0,0x0,0x0)\HD(2,GPT,49BD548F-F230-4CF9-A5DD-E70DEE4D3DD8,0x64028,0x37DDF660)\VenMedia(BE74FCF7-0B7C-49F3-9147-01F4042E6842,128F849E634AB947A53905A83D81A4EB)
1:010  0:000            apfsFileSystemUUID=9E848F12-4A63-47B9-A539-05A83D81A4EB, ApfsContainerUUID=17FC5EB2-8C0B-4307-8F49-BAA10B938E07, ApfsRole=0x10
1:010  0:000            label : Preboot
1:010  0:000  - [10]: Volume: PciRoot(0x0)\Pci(0x1F,0x2)\Sata(0x0,0x0,0x0)\HD(2,GPT,49BD548F-F230-4CF9-A5DD-E70DEE4D3DD8,0x64028,0x37DDF660)\VenMedia(BE74FCF7-0B7C-49F3-9147-01F4042E6842,49E5338BB16143418B733BBE9A4D7C3B)
1:010  0:000            apfsFileSystemUUID=8B33E549-61B1-4143-8B73-3BBE9A4D7C3B, ApfsContainerUUID=17FC5EB2-8C0B-4307-8F49-BAA10B938E07, ApfsRole=0x40
1:017  0:006            label : Macintosh HD - Data
1:017  0:000  - [11]: Volume: PciRoot(0x0)\Pci(0x1F,0x2)\Sata(0x0,0x0,0x0)\HD(2,GPT,49BD548F-F230-4CF9-A5DD-E70DEE4D3DD8,0x64028,0x37DDF660)\VenMedia(BE74FCF7-0B7C-49F3-9147-01F4042E6842,157A88E2709F7347AF0FCD6F6B12BFC6)
1:017  0:000            apfsFileSystemUUID=E2887A15-9F70-4773-AF0F-CD6F6B12BFC6, ApfsContainerUUID=17FC5EB2-8C0B-4307-8F49-BAA10B938E07, ApfsRole=0x4
1:017  0:000            label : Recovery
1:017  0:000  - [12]: Volume: PciRoot(0x0)\Pci(0x1F,0x2)\Sata(0x0,0x0,0x0)\HD(2,GPT,49BD548F-F230-4CF9-A5DD-E70DEE4D3DD8,0x64028,0x37DDF660)\VenMedia(BE74FCF7-0B7C-49F3-9147-01F4042E6842,6CDA2539C920AD42BCC5A6A485E06F82)
1:017  0:000            apfsFileSystemUUID=3925DA6C-20C9-42AD-BCC5-A6A485E06F82, ApfsContainerUUID=17FC5EB2-8C0B-4307-8F49-BAA10B938E07, ApfsRole=0x8
1:017  0:000            label : VM
1:017  0:000  - [13]: Volume: PciRoot(0x0)\Pci(0x1F,0x2)\Sata(0x0,0x0,0x0)\HD(2,GPT,49BD548F-F230-4CF9-A5DD-E70DEE4D3DD8,0x64028,0x37DDF660)\VenMedia(BE74FCF7-0B7C-49F3-9147-01F4042E6842,AC49E1E7A5D28E4A9EA8995CAB20E2B4)
1:017  0:000            apfsFileSystemUUID=E7E149AC-D2A5-4A8E-9EA8-995CAB20E2B4, ApfsContainerUUID=17FC5EB2-8C0B-4307-8F49-BAA10B938E07, ApfsRole=0xc0
1:017  0:000            label : Update
1:017  0:000  No AudioIoProtocols, status=Not Found
1:017  0:000  === [ InitXTheme ] ==============================
1:017  0:000  use Daylight theme
1:017  0:000  special theme christmas not found, skipping
1:018  0:000  Using theme 'Simple' (Simple)
1:018  0:000  chosen theme Simple
1:018  0:000  OS main and drive as badge
1:021  0:003  tool_shell not decoded. Status=Unsupported
1:022  0:000  vol_internal not decoded. Status=Unsupported
1:022  0:000  vol_external not decoded. Status=Unsupported
1:022  0:000  vol_optical not decoded. Status=Unsupported
1:022  0:000  vol_firewire not decoded. Status=Unsupported
1:022  0:000  vol_clover not decoded. Status=Unsupported
1:022  0:000  vol_internal_hfs not decoded. Status=Unsupported
1:023  0:001  vol_internal_ntfs not decoded. Status=Unsupported
1:023  0:000  vol_internal_ext3 not decoded. Status=Unsupported
1:024  0:000  vol_recovery not decoded. Status=Unsupported
1:272  0:248  sound play end with status=Device Error
1:273  0:001  theme inited
1:273  0:000  Chosen theme Simple
1:274  0:000  found boot-args in NVRAM:-v keepsyms=1 debug=0x100 brcmfx-country=#a brcmfx-aspm -lilubetaall igfxframe=0x01660003, size=90
1:274  0:000  ...found arg:-v
1:274  0:000  ...adding arg:-v
1:274  0:000  ...found arg:keepsyms=1
1:274  0:000  ...adding arg:keepsyms=1
1:274  0:000  ...found arg:debug=0x100
1:274  0:000  ...adding arg:debug=0x100
1:274  0:000  ...found arg:brcmfx-country=#a
1:274  0:000  ...adding arg:brcmfx-country=#a
1:274  0:000  ...found arg:brcmfx-aspm
1:274  0:000  ...adding arg:brcmfx-aspm
1:274  0:000  ...found arg:-lilubetaall
1:274  0:000  ...adding arg:-lilubetaall
1:274  0:000  ...found arg:igfxframe=0x01660003
1:274  0:000  after NVRAM boot-args=igfxframe=0x01660003 npci=0x2000 dart=0 -v keepsyms=1 debug=0x100 brcmfx-country=#a brcmfx-aspm -lilubetaall 
1:274  0:000  === [ Dump SMC keys from NVRAM ] ================
1:274  0:000  found AppleSMC protocol
1:287  0:012  === [ ScanLoader ] ==============================
1:287  0:000  - [06]: 'EFI'
1:328  0:041      AddLoaderEntry for Volume Name=EFI, idx=0
1:328  0:000      IconName=vista,win comma=5 size=9
1:328  0:000      first=os_vista
1:329  0:000      Show badge as Drive.
1:329  0:000      Loader entry created for 'PciRoot(0x0)\Pci(0x1F,0x2)\Sata(0x2,0x0,0x0)\HD(5,GPT,B20A8A14-22E1-4CBE-AE5C-DD3161154990,0x25333800,0xFB000)\EFI\microsoft\Boot\bootmgfw.efi'
1:363  0:033      AddLoaderEntry for Volume Name=EFI, idx=1
1:363  0:000      IconName=unknown comma=-1 size=7
1:363  0:000      Full=unknown
1:363  0:000      Show badge as Drive.
1:363  0:000      Loader entry created for 'PciRoot(0x0)\Pci(0x1F,0x2)\Sata(0x2,0x0,0x0)\HD(5,GPT,B20A8A14-22E1-4CBE-AE5C-DD3161154990,0x25333800,0xFB000)\EFI\BOOT\BOOTX64.efi'
1:363  0:000  - [07]: 'EFI'
1:368  0:004      AddLoaderEntry for Volume Name=EFI, idx=2
1:368  0:000      IconName=vista,win comma=5 size=9
1:368  0:000      first=os_vista
1:368  0:000      Show badge as Drive.
1:368  0:000      Loader entry created for 'PciRoot(0x0)\Pci(0x1F,0x2)\Sata(0x0,0x0,0x0)\HD(1,GPT,84AF06F0-21DC-44DB-B94B-F875A6CF8F46,0x28,0x64000)\EFI\microsoft\Boot\bootmgfw.efi'
1:369  0:000      AddLoaderEntry for Volume Name=EFI, idx=3
1:369  0:000      IconName=unknown comma=-1 size=7
1:369  0:000      Full=unknown
1:369  0:000      Show badge as Drive.
1:369  0:000      Loader entry created for 'PciRoot(0x0)\Pci(0x1F,0x2)\Sata(0x0,0x0,0x0)\HD(1,GPT,84AF06F0-21DC-44DB-B94B-F875A6CF8F46,0x28,0x64000)\EFI\BOOT\BOOTX64.efi'
1:369  0:000  - [09]: 'Preboot'
1:370  0:000      AddLoaderEntry for Volume Name=Preboot, idx=4
1:370  0:000      ApfsContainerUUID=17FC5EB2-8C0B-4307-8F49-BAA10B938E07
1:370  0:000      ApfsFileSystemUUID=9E848F12-4A63-47B9-A539-05A83D81A4EB
1:370  0:000      APFSTargetUUID=8B33E549-61B1-4143-8B73-3BBE9A4D7C3B
1:371  0:000      hibernated: set as never
1:371  0:000      IconName=mac comma=-1 size=3
1:371  0:000      Full=mac
1:371  0:000      Show badge as Drive.
1:371  0:000      Loader entry created for 'PciRoot(0x0)\Pci(0x1F,0x2)\Sata(0x0,0x0,0x0)\HD(2,GPT,49BD548F-F230-4CF9-A5DD-E70DEE4D3DD8,0x64028,0x37DDF660)\VenMedia(BE74FCF7-0B7C-49F3-9147-01F4042E6842,128F849E634AB947A53905A83D81A4EB)\8B33E549-61B1-4143-8B73-3BBE9A4D7C3B\System\Library\CoreServices\boot.efi'
1:371  0:000  - [10]: 'Macintosh HD - Data'
1:373  0:001  - [11]: 'Recovery'
1:373  0:000  - [12]: 'VM'
1:373  0:000  - [13]: 'Update'
1:373  0:000  Scanning legacy ...
1:373  0:000      IconName=vista,win comma=5 size=9
1:373  0:000      first=os_vista
1:373  0:000      IconName=win comma=-1 size=3
1:373  0:000      Full=win
1:373  0:000      IconName=vista,win comma=5 size=9
1:373  0:000      first=os_vista
1:374  0:000      IconName=win comma=-1 size=3
1:374  0:000      Full=win
1:374  0:000      IconName=win comma=-1 size=3
1:374  0:000      Full=win
1:374  0:000  === [ AddCustomTool ] ===========================
1:375  0:000  === [ GetEfiBootDeviceFromNvram ] ===============
1:375  0:000   - efi-boot-device-data: PciRoot(0x0)\Pci(0x1F,0x2)\Sata(0x0,0x0,0x0)\HD(1,GPT,84AF06F0-21DC-44DB-B94B-F875A6CF8F46,0x28,0x64000)\EFI\microsoft\Boot\bootmgfw.efi
1:375  0:000    - Volume: 'PciRoot(0x0)\Pci(0x1F,0x2)\Sata(0x0,0x0,0x0)\HD(1,GPT,84AF06F0-21DC-44DB-B94B-F875A6CF8F46,0x28,0x64000)'
1:375  0:000    - LoaderPath: '\EFI\microsoft\Boot\bootmgfw.efi'
1:375  0:000    - Guid = 84AF06F0-21DC-44DB-B94B-F875A6CF8F46
1:375  0:000  === [ FindStartupDiskVolume ] ===================
1:375  0:000    - Volume: partition = PciRoot(0x0)\Pci(0x1F,0x2)\Sata(0x0,0x0,0x0)\HD(1,GPT,84AF06F0-21DC-44DB-B94B-F875A6CF8F46,0x28,0x64000)
1:375  0:000     - searching for that partition and loader '\EFI\microsoft\Boot\bootmgfw.efi'
1:375  0:000    checking 'PciRoot(0x0)/Pci(0x1F,0x2)/Sata(0x0,0x0,0x0)/HD(1,GPT,84AF06F0-21DC-44DB-B94B-F875A6CF8F46,0x28,0x64000)'
1:375  0:000     '\EFI\microsoft\Boot\bootmgfw.efi'
1:375  0:000      - found entry 1. 'Boot Microsoft EFI Boot from EFI', Volume 'EFI', '\EFI\microsoft\Boot\bootmgfw.efi'
1:375  0:000  Boot redirected to Entry 1. 'Boot Microsoft EFI Boot from EFI'
1:375  0:000  BannerPlace at Clear Screen [583,0]
1:449  0:074  AnimeRun=0
10:122  8:672  GUI ready
